<?xml version="1.0" encoding="UTF-8"?>
<!-- Generated by org.testng.reporters.JUnitXMLReporter -->
<testsuite ignored="0" hostname="LAPTOP-N1EOIRNL" failures="0" tests="2" name="Salesforce TryFree Automation" time="13.1" errors="0" timestamp="2023-12-25T16:18:07 IST">
  <testcase classname="com.java.selenium.automation.tests.Salesforce_TryFree_Test" name="salesforce_TryFree_Test" time="0.501"/>
  <testcase classname="com.java.selenium.automation.tests.InstagramLogin_Test" name="instagramlogin_test" time="5.535"/>
</testsuite> <!-- Salesforce TryFree Automation -->
