<?xml version="1.0" encoding="UTF-8"?>
<!-- Generated by org.testng.reporters.JUnitReportReporter -->
<testsuite hostname="LAPTOP-N1EOIRNL" failures="0" tests="4" name="com.java.selenium.testpractice.TestMethod_TestMethod" time="0.011" errors="0" timestamp="2023-12-07T10:19:12 IST" skipped="0">
  <testcase classname="com.java.selenium.testpractice.TestMethod_TestMethod" name="first_test_method" time="0.007"/>
  <testcase classname="com.java.selenium.testpractice.TestMethod_TestMethod" name="second_test_method" time="0.001"/>
  <testcase classname="com.java.selenium.testpractice.TestMethod_TestMethod" name="fourth_test_method" time="0.001"/>
  <testcase classname="com.java.selenium.testpractice.TestMethod_TestMethod" name="third_test_method" time="0.002"/>
</testsuite> <!-- com.java.selenium.testpractice.TestMethod_TestMethod -->
